---------------------------------------------------------------
[ 2019-04-15T23:58:25+08:00 ] 115.27.214.160 GET 154.8.195.15/
[运行时间：0.082037s] [吞吐率：12.19req/s] [内存消耗：3,640.53kb] [文件加载：48]
[ info ] [ LANG ] /home/wwwroot/ss_calendar_new/thinkphp/lang/zh-cn.php
[ info ] [ ROUTE ] array (
  'type' => 'module',
  'module' => 
  array (
    0 => '',
    1 => NULL,
    2 => NULL,
  ),
)
[ info ] [ HEADER ] array (
  'host' => '154.8.195.15',
  'connection' => 'keep-alive',
  'cache-control' => 'max-age=0',
  'upgrade-insecure-requests' => '1',
  'user-agent' => 'Mozilla/5.0 (Macintosh; Intel Mac OS X 10_13_4) AppleWebKit/537.36 (KHTML, like Gecko) Chrome/73.0.3683.103 Safari/537.36',
  'accept' => 'text/html,application/xhtml+xml,application/xml;q=0.9,image/webp,image/apng,*/*;q=0.8,application/signed-exchange;v=b3',
  'accept-encoding' => 'gzip, deflate',
  'accept-language' => 'zh-CN,zh;q=0.9',
  'cookie' => 'thinkphp_show_page_trace=0|0',
  'content-type' => '',
  'content-length' => '',
)
[ info ] [ PARAM ] array (
)
[ info ] [ DB ] INIT mysql
[ info ] [ RUN ] app\index\controller\Index->index[ /home/wwwroot/ss_calendar_new/application/index/controller/Index.php ]
[ info ] [ VIEW ] /home/wwwroot/ss_calendar_new/public/../application/index/view/index/index.html [ array (
  0 => 'menu_info',
  1 => 'menu_id_now',
) ]
[ info ] [ LOG ] INIT File
[ sql ] [ DB ] CONNECT:[ UseTime:0.009949s ] mysql:host=188.131.129.161;dbname=daily_manage;charset=utf8
[ sql ] [ SQL ] SHOW COLUMNS FROM `menu` [ RunTime:0.007273s ]
[ sql ] [ SQL ] SELECT * FROM `menu` WHERE  `is_delete` = 0 ORDER BY `number` [ RunTime:0.006596s ]
[ sql ] [ SQL ] SELECT `menu_id` FROM `menu` WHERE  `module` = 'index'  AND `controller` = 'Index'  AND `action` = 'index' LIMIT 1 [ RunTime:0.006648s ]
